<?xml version="1.0" encoding="UTF-8"?>
<testng-results skipped="0" failed="0" ignored="0" total="2" passed="2">
  <reporter-output>
  </reporter-output>
  <suite name="Suite" duration-ms="3970" started-at="2021-03-01T04:37:09Z" finished-at="2021-03-01T04:37:13Z">
    <groups>
    </groups>
    <test name="Test" duration-ms="3970" started-at="2021-03-01T04:37:09Z" finished-at="2021-03-01T04:37:13Z">
      <class name="Test.Testcase1">
        <test-method status="PASS" signature="LaunchBrowser()[pri:0, instance:Test.Testcase1@7ca48474]" name="LaunchBrowser" is-config="true" duration-ms="1822" started-at="2021-03-01T04:37:09Z" finished-at="2021-03-01T04:37:11Z">
          <reporter-output>
          </reporter-output>
        </test-method> <!-- LaunchBrowser -->
        <test-method status="PASS" signature="LoginTest()[pri:0, instance:Test.Testcase1@7ca48474]" name="LoginTest" duration-ms="2059" started-at="2021-03-01T04:37:11Z" finished-at="2021-03-01T04:37:13Z">
          <reporter-output>
          </reporter-output>
        </test-method> <!-- LoginTest -->
        <test-method status="PASS" signature="closeBrowser()[pri:0, instance:Test.Testcase1@7ca48474]" name="closeBrowser" is-config="true" duration-ms="69" started-at="2021-03-01T04:37:13Z" finished-at="2021-03-01T04:37:13Z">
          <reporter-output>
          </reporter-output>
        </test-method> <!-- closeBrowser -->
      </class> <!-- Test.Testcase1 -->
      <class name="Simplilearn.Maven.AppTest">
        <test-method status="PASS" signature="testApp()[pri:0, instance:Simplilearn.Maven.AppTest@337d0578]" name="testApp" duration-ms="1" started-at="2021-03-01T04:37:13Z" finished-at="2021-03-01T04:37:13Z">
          <reporter-output>
          </reporter-output>
        </test-method> <!-- testApp -->
      </class> <!-- Simplilearn.Maven.AppTest -->
    </test> <!-- Test -->
  </suite> <!-- Suite -->
</testng-results>
