<?xml version="1.0" encoding="UTF-8"?>
<testng-results skipped="0" failed="0" ignored="0" total="1" passed="1">
  <reporter-output>
  </reporter-output>
  <suite name="Default suite" duration-ms="32" started-at="2021-03-01T07:07:59Z" finished-at="2021-03-01T07:07:59Z">
    <groups>
    </groups>
    <test name="Default test" duration-ms="32" started-at="2021-03-01T07:07:59Z" finished-at="2021-03-01T07:07:59Z">
      <class name="Test.TDDExample">
        <test-method status="PASS" signature="addTest()[pri:0, instance:Test.TDDExample@27efef64]" name="addTest" duration-ms="11" started-at="2021-03-01T07:07:59Z" finished-at="2021-03-01T07:07:59Z">
          <reporter-output>
          </reporter-output>
        </test-method> <!-- addTest -->
      </class> <!-- Test.TDDExample -->
    </test> <!-- Default test -->
  </suite> <!-- Default suite -->
</testng-results>
